2026-05-05 11:38:00,962 Loading covertype...
2026-05-05 11:38:06,776   110393 samples, d=54
2026-05-05 11:38:06,809   Old: 50000, New: 50000
2026-05-05 11:38:06,809 
--- Covertype K=8, cap=4096, ratio=0.1x ---
2026-05-05 11:38:47,237   seed 0: frz=0.0258 strat=0.0259 full=0.0273 MSE 24.27/24.24/22.31 pfx=100%
2026-05-05 11:39:23,330   seed 1: frz=0.0299 strat=0.0308 full=0.0334 MSE 24.57/24.55/23.48 pfx=100%
2026-05-05 11:40:03,592   seed 2: frz=0.0269 strat=0.0266 full=0.0288 MSE 25.23/25.22/25.39 pfx=100%
2026-05-05 11:40:45,333   seed 3: frz=0.0289 strat=0.0236 full=0.0144 MSE 24.00/23.90/23.22 pfx=100%
2026-05-05 11:41:25,030   seed 4: frz=0.0274 strat=0.0254 full=0.0207 MSE 24.32/24.32/24.23 pfx=100%
2026-05-05 11:41:25,031   K=8 avg: frz=0.0278 strat=0.0264 full=0.0249  recovery=0%
2026-05-05 11:41:25,031 
--- Covertype K=16, cap=65536, ratio=1.3x ---
2026-05-05 11:42:04,092   seed 0: frz=0.1026 strat=0.0989 full=0.0851 MSE 6.37/6.45/4.88 pfx=100%
2026-05-05 11:42:39,847   seed 1: frz=0.1091 strat=0.1115 full=0.1012 MSE 8.48/8.51/4.76 pfx=100%
2026-05-05 11:43:16,156   seed 2: frz=0.1333 strat=0.1349 full=0.1058 MSE 7.37/7.33/5.40 pfx=100%
2026-05-05 11:43:52,040   seed 3: frz=0.1253 strat=0.1216 full=0.1029 MSE 7.01/7.02/4.88 pfx=99%
2026-05-05 11:44:28,261   seed 4: frz=0.1058 strat=0.1092 full=0.0933 MSE 7.58/7.63/6.44 pfx=100%
2026-05-05 11:44:28,261   K=16 avg: frz=0.1152 strat=0.1152 full=0.0977  recovery=0%
2026-05-05 11:44:28,261 
--- Covertype K=32, cap=1048576, ratio=21.0x ---
2026-05-05 11:45:19,122   seed 0: frz=0.3213 strat=0.3182 full=0.3150 MSE 3.86/3.80/1.67 pfx=100%
2026-05-05 11:46:09,590   seed 1: frz=0.3279 strat=0.3339 full=0.3244 MSE 3.74/3.71/1.61 pfx=100%
2026-05-05 11:46:59,829   seed 2: frz=0.3321 strat=0.3343 full=0.3255 MSE 3.77/1.57/1.67 pfx=100%
2026-05-05 11:47:51,016   seed 3: frz=0.3301 strat=0.3342 full=0.3221 MSE 3.72/3.70/1.61 pfx=100%
2026-05-05 11:48:42,040   seed 4: frz=0.3194 strat=0.3152 full=0.3092 MSE 3.86/1.57/1.48 pfx=100%
2026-05-05 11:48:42,040   K=32 avg: frz=0.3261 strat=0.3272 full=0.3192  recovery=0%
2026-05-05 11:48:42,040 
--- Covertype K=64, cap=16777216, ratio=335.5x ---
2026-05-05 11:50:19,926   seed 0: frz=0.4752 strat=0.4814 full=0.4938 MSE 2.85/0.63/0.62 pfx=100%
2026-05-05 11:51:51,176   seed 1: frz=0.4913 strat=0.4992 full=0.4729 MSE 2.85/0.62/0.65 pfx=100%
2026-05-05 11:53:24,537   seed 2: frz=0.4901 strat=0.4928 full=0.4883 MSE 2.85/0.63/0.62 pfx=100%
2026-05-05 11:54:55,997   seed 3: frz=0.4795 strat=0.4913 full=0.4828 MSE 2.86/0.63/0.66 pfx=100%
2026-05-05 11:56:28,272   seed 4: frz=0.4802 strat=0.4824 full=0.4865 MSE 2.85/0.63/0.63 pfx=100%
2026-05-05 11:56:28,273   K=64 avg: frz=0.4833 strat=0.4894 full=0.4849  recovery=380%
2026-05-05 11:56:28,273 
Done.
