2026-05-05 11:02:13,974 Loading Amazon Electronics...
2026-05-05 11:02:51,069   6739590 total reviews
2026-05-05 11:02:53,931   660980 users, 50000 items, Old: 1029798, New: 1031564
2026-05-05 11:02:56,758   SVD (d=64)...
2026-05-05 11:03:03,470   Procrustes residual: 0.97
2026-05-05 11:03:04,579   Config: m=4, K=16, s=2, capacity=65536
2026-05-05 11:03:04,580 
=== Seed 0 ===
2026-05-05 11:03:16,005   MSE: frz=28.7 strat=24.0 full=3.6  pfx_chg=0%
2026-05-05 11:03:16,005   ANN recall...
2026-05-05 11:03:41,264     frz=0.0001  strat=0.0001  full=0.0002
2026-05-05 11:03:41,276   Raw ranker...
2026-05-05 11:06:08,224     ub=0.0151  frz=0.0144  strat=0.0162  full=0.0155
2026-05-05 11:06:08,225   Decoded ranker...
2026-05-05 11:10:44,150     frz=0.0113  strat=0.0117  full_noDS=0.0142  full_DS=0.0680
2026-05-05 11:10:44,150 
=== Seed 1 ===
2026-05-05 11:10:56,620   MSE: frz=29.1 strat=22.7 full=3.9  pfx_chg=100%
2026-05-05 11:10:56,620   ANN recall...
2026-05-05 11:11:23,748     frz=0.0005  strat=0.0001  full=0.0002
2026-05-05 11:11:23,748   Raw ranker...
2026-05-05 11:13:55,308     ub=0.0167  frz=0.0140  strat=0.0154  full=0.0169
2026-05-05 11:13:55,309   Decoded ranker...
2026-05-05 11:18:17,108     frz=0.0111  strat=0.0126  full_noDS=0.0121  full_DS=0.0677
2026-05-05 11:18:17,108 
=== Seed 2 ===
2026-05-05 11:18:29,507   MSE: frz=28.2 strat=23.9 full=3.4  pfx_chg=0%
2026-05-05 11:18:29,507   ANN recall...
2026-05-05 11:18:56,317     frz=0.0002  strat=0.0003  full=0.0002
2026-05-05 11:18:56,317   Raw ranker...
2026-05-05 11:21:19,266     ub=0.0158  frz=0.0142  strat=0.0148  full=0.0163
2026-05-05 11:21:19,267   Decoded ranker...
2026-05-05 11:25:52,981     frz=0.0110  strat=0.0110  full_noDS=0.0135  full_DS=0.0674
2026-05-05 11:25:52,982 
=== Seed 3 ===
2026-05-05 11:26:05,217   MSE: frz=29.9 strat=22.9 full=5.3  pfx_chg=0%
2026-05-05 11:26:05,217   ANN recall...
2026-05-05 11:26:31,087     frz=0.0003  strat=0.0003  full=0.0005
2026-05-05 11:26:31,088   Raw ranker...
2026-05-05 11:29:03,451     ub=0.0154  frz=0.0145  strat=0.0156  full=0.0160
2026-05-05 11:29:03,452   Decoded ranker...
2026-05-05 11:33:41,047     frz=0.0113  strat=0.0117  full_noDS=0.0127  full_DS=0.0646
2026-05-05 11:33:41,048 
=== Seed 4 ===
2026-05-05 11:33:53,405   MSE: frz=28.6 strat=22.9 full=3.7  pfx_chg=0%
2026-05-05 11:33:53,405   ANN recall...
2026-05-05 11:34:21,268     frz=0.0001  strat=0.0001  full=0.0001
2026-05-05 11:34:21,269   Raw ranker...
2026-05-05 11:36:54,192     ub=0.0162  frz=0.0151  strat=0.0154  full=0.0168
2026-05-05 11:36:54,193   Decoded ranker...
2026-05-05 11:41:19,560     frz=0.0121  strat=0.0126  full_noDS=0.0134  full_DS=0.0695
2026-05-05 11:41:19,561 
======================================================================
2026-05-05 11:41:19,561 AMAZON SUMMARY (K=16, 5 seeds)
2026-05-05 11:41:19,561 ======================================================================
2026-05-05 11:41:19,562 MSE: frz=28.9  strat=23.3  full=4.0
2026-05-05 11:41:19,562 Prefix change: 20%
2026-05-05 11:41:19,562 
  ANN:
2026-05-05 11:41:19,562     frozen          0.0003 +/- 0.0001
2026-05-05 11:41:19,562     strat           0.0002 +/- 0.0001
2026-05-05 11:41:19,562     full            0.0003 +/- 0.0001
2026-05-05 11:41:19,562 
  Raw ranker:
2026-05-05 11:41:19,562     frozen          0.0144 +/- 0.0004
2026-05-05 11:41:19,562     strat           0.0155 +/- 0.0005
2026-05-05 11:41:19,563     full            0.0163 +/- 0.0005
2026-05-05 11:41:19,563     ub              0.0158 +/- 0.0006
2026-05-05 11:41:19,563     recovery: 57%
2026-05-05 11:41:19,563 
  Decoded ranker:
2026-05-05 11:41:19,563     frozen          0.0114 +/- 0.0004
2026-05-05 11:41:19,563     strat           0.0119 +/- 0.0006
2026-05-05 11:41:19,563     full_no_ds      0.0132 +/- 0.0007
2026-05-05 11:41:19,563     full_ds         0.0674 +/- 0.0016
2026-05-05 11:41:19,577 Saved.
