2026-05-05 11:44:48,701 Loading Amazon Electronics (dense core)...
2026-05-05 11:45:25,578   6739590 raw reviews
2026-05-05 11:45:34,394   20-core: 74095 reviews
2026-05-05 11:45:34,420   3049 users, 1779 items, density=1.37%
2026-05-05 11:45:34,464   Old: 37045, New: 37050
2026-05-05 11:45:34,539   SVD d=64...
2026-05-05 11:45:34,634   Procrustes residual: 3.47
2026-05-05 11:45:34,734   NN dist stats: mean=5.82 std=11.10 min=0.00 max=200.14
2026-05-05 11:45:34,734 
--- Amazon-dense K=8, cap=4096, ratio=2.3x ---
2026-05-05 11:45:35,153   seed 0: frz=0.0224 strat=0.0171 full=0.0282 MSE 142.5/112.0/87.4 pfx=99%
2026-05-05 11:45:35,569   seed 1: frz=0.0177 strat=0.0144 full=0.0148 MSE 139.2/108.1/84.9 pfx=100%
2026-05-05 11:45:35,978   seed 2: frz=0.0182 strat=0.0344 full=0.0423 MSE 139.2/107.6/87.8 pfx=100%
2026-05-05 11:45:36,403   seed 3: frz=0.0187 strat=0.0133 full=0.0544 MSE 143.5/132.5/85.5 pfx=100%
2026-05-05 11:45:36,821   seed 4: frz=0.0146 strat=0.0161 full=0.0450 MSE 143.9/118.3/85.5 pfx=100%
2026-05-05 11:45:36,821   K=8 avg: frz=0.0183 strat=0.0191 full=0.0370  recovery=4%
2026-05-05 11:45:36,821 
--- Amazon-dense K=16, cap=65536, ratio=36.8x ---
2026-05-05 11:45:37,467   seed 0: frz=0.0262 strat=0.0136 full=0.0406 MSE 129.7/95.1/53.5 pfx=95%
2026-05-05 11:45:38,102   seed 1: frz=0.0215 strat=0.0273 full=0.0483 MSE 126.9/91.4/54.0 pfx=100%
2026-05-05 11:45:38,735   seed 2: frz=0.0259 strat=0.0389 full=0.0443 MSE 122.9/85.6/54.9 pfx=100%
2026-05-05 11:45:39,366   seed 3: frz=0.0251 strat=0.0318 full=0.0432 MSE 126.9/84.2/53.2 pfx=100%
2026-05-05 11:45:40,097   seed 4: frz=0.0193 strat=0.0215 full=0.0427 MSE 129.6/87.8/50.7 pfx=94%
2026-05-05 11:45:40,097   K=16 avg: frz=0.0236 strat=0.0266 full=0.0438  recovery=15%
2026-05-05 11:45:40,097 
--- Amazon-dense K=32, cap=1048576, ratio=589.4x ---
2026-05-05 11:45:41,302   seed 0: frz=0.0377 strat=0.0559 full=0.0872 MSE 109.5/52.0/24.3 pfx=100%
2026-05-05 11:45:42,481   seed 1: frz=0.0400 strat=0.0330 full=0.0912 MSE 111.4/59.9/24.0 pfx=100%
2026-05-05 11:45:43,695   seed 2: frz=0.0360 strat=0.0628 full=0.0807 MSE 112.8/50.5/24.5 pfx=100%
2026-05-05 11:45:44,937   seed 3: frz=0.0315 strat=0.0369 full=0.1002 MSE 109.1/56.0/25.2 pfx=100%
2026-05-05 11:45:46,186   seed 4: frz=0.0549 strat=0.0643 full=0.1162 MSE 111.5/57.6/23.2 pfx=100%
2026-05-05 11:45:46,186   K=32 avg: frz=0.0400 strat=0.0506 full=0.0951  recovery=19%
2026-05-05 11:45:46,186 
--- Amazon-dense K=64, cap=16777216, ratio=9430.7x ---
2026-05-05 11:45:49,022   seed 0: frz=0.0597 strat=0.0930 full=0.1601 MSE 101.0/29.6/13.0 pfx=100%
2026-05-05 11:45:51,910   seed 1: frz=0.0567 strat=0.0928 full=0.1449 MSE 100.7/29.6/12.7 pfx=100%
2026-05-05 11:45:54,727   seed 2: frz=0.0652 strat=0.1105 full=0.1630 MSE 99.8/27.7/13.3 pfx=100%
2026-05-05 11:45:57,559   seed 3: frz=0.0749 strat=0.1018 full=0.1556 MSE 101.3/28.4/13.2 pfx=100%
2026-05-05 11:46:00,476   seed 4: frz=0.0687 strat=0.1079 full=0.1778 MSE 100.1/28.9/12.7 pfx=100%
2026-05-05 11:46:00,477   K=64 avg: frz=0.0651 strat=0.1012 full=0.1603  recovery=38%
2026-05-05 11:46:00,477 
Done.
