2026-05-05 11:04:21,318 Loading MovieLens-1M...
2026-05-05 11:04:23,083   3706 items, Procrustes residual: 2.94
2026-05-05 11:04:23,136 
--- MovieLens K=8, capacity=4096, ratio=1.1x ---
2026-05-05 11:04:24,997   seed 0: frz=0.0856 strat=0.0943 full=0.1005 MSE 327.7/318.0/312.6 pfx=100%
2026-05-05 11:04:26,790   seed 1: frz=0.0978 strat=0.1113 full=0.1102 MSE 320.5/301.2/295.8 pfx=96%
2026-05-05 11:04:28,668   seed 2: frz=0.1047 strat=0.1075 full=0.1213 MSE 328.6/315.4/301.4 pfx=100%
2026-05-05 11:04:30,468   seed 3: frz=0.1011 strat=0.1072 full=0.1119 MSE 330.6/313.3/306.1 pfx=94%
2026-05-05 11:04:32,146   seed 4: frz=0.1144 strat=0.1186 full=0.1001 MSE 317.0/306.4/321.1 pfx=99%
2026-05-05 11:04:32,146   K=8 avg: frz=0.1007 strat=0.1078 full=0.1088  recovery=87%
2026-05-05 11:04:32,146 
--- MovieLens K=16, capacity=65536, ratio=17.7x ---
2026-05-05 11:04:34,577   seed 0: frz=0.1374 strat=0.1407 full=0.1359 MSE 274.0/254.0/236.0 pfx=100%
2026-05-05 11:04:37,086   seed 1: frz=0.1309 strat=0.1389 full=0.1496 MSE 266.6/247.2/236.0 pfx=99%
2026-05-05 11:04:39,542   seed 2: frz=0.1504 strat=0.1574 full=0.1571 MSE 267.4/243.6/231.0 pfx=98%
2026-05-05 11:04:41,794   seed 3: frz=0.1435 strat=0.1536 full=0.1513 MSE 264.6/242.8/240.7 pfx=100%
2026-05-05 11:04:44,247   seed 4: frz=0.1480 strat=0.1484 full=0.1493 MSE 262.5/242.6/237.3 pfx=100%
2026-05-05 11:04:44,248   K=16 avg: frz=0.1420 strat=0.1478 full=0.1487  recovery=87%
2026-05-05 11:04:44,248 
--- MovieLens K=32, capacity=1048576, ratio=282.9x ---
2026-05-05 11:04:48,320   seed 0: frz=0.1882 strat=0.1985 full=0.1946 MSE 216.4/188.9/169.6 pfx=100%
2026-05-05 11:04:52,147   seed 1: frz=0.1684 strat=0.1848 full=0.1966 MSE 220.3/189.6/169.3 pfx=58%
2026-05-05 11:04:56,132   seed 2: frz=0.1842 strat=0.1985 full=0.2017 MSE 219.5/191.7/170.0 pfx=100%
2026-05-05 11:05:00,035   seed 3: frz=0.1978 strat=0.1985 full=0.2072 MSE 219.1/190.5/172.4 pfx=99%
2026-05-05 11:05:04,000   seed 4: frz=0.1845 strat=0.1999 full=0.2093 MSE 218.2/187.8/169.4 pfx=100%
2026-05-05 11:05:04,000   K=32 avg: frz=0.1846 strat=0.1960 full=0.2019  recovery=66%
2026-05-05 11:05:04,000 
--- MovieLens K=64, capacity=16777216, ratio=4527.0x ---
2026-05-05 11:05:12,350   seed 0: frz=0.2326 strat=0.2508 full=0.2614 MSE 187.1/149.2/116.3 pfx=100%
2026-05-05 11:05:20,725   seed 1: frz=0.2199 strat=0.2428 full=0.2511 MSE 185.4/147.8/118.3 pfx=100%
2026-05-05 11:05:29,178   seed 2: frz=0.2311 strat=0.2482 full=0.2594 MSE 183.9/146.5/119.7 pfx=100%
2026-05-05 11:05:37,515   seed 3: frz=0.2266 strat=0.2550 full=0.2620 MSE 185.5/144.4/116.9 pfx=100%
2026-05-05 11:05:45,834   seed 4: frz=0.2313 strat=0.2562 full=0.2654 MSE 185.1/146.2/116.0 pfx=100%
2026-05-05 11:05:45,835   K=64 avg: frz=0.2283 strat=0.2506 full=0.2598  recovery=71%
2026-05-05 11:05:45,836 Loading Amazon Electronics...
2026-05-05 11:06:34,314   50000 items, Procrustes residual: 1.06
2026-05-05 11:06:34,653 
--- Amazon K=8, capacity=4096, ratio=0.1x ---
2026-05-05 11:07:17,457   seed 0: frz=0.0001 strat=0.0001 full=0.0000 MSE 47.4/42.1/24.6 pfx=0%
2026-05-05 11:07:59,447   seed 1: frz=0.0003 strat=0.0001 full=0.0003 MSE 44.2/39.7/26.7 pfx=0%
2026-05-05 11:08:37,484   seed 2: frz=0.0000 strat=0.0000 full=0.0000 MSE 41.5/37.3/26.0 pfx=0%
2026-05-05 11:09:19,686   seed 3: frz=0.0004 strat=0.0004 full=0.0003 MSE 45.5/39.3/28.7 pfx=100%
2026-05-05 11:10:01,737   seed 4: frz=0.0001 strat=0.0001 full=0.0003 MSE 44.9/39.1/28.8 pfx=0%
2026-05-05 11:10:01,737   K=8 avg: frz=0.0002 strat=0.0001 full=0.0002  recovery=0%
2026-05-05 11:10:01,737 
--- Amazon K=16, capacity=65536, ratio=1.3x ---
2026-05-05 11:10:48,126   seed 0: frz=0.0000 strat=0.0000 full=0.0001 MSE 32.5/22.7/3.0 pfx=0%
2026-05-05 11:11:26,501   seed 1: frz=0.0003 strat=0.0003 full=0.0003 MSE 33.0/24.4/3.3 pfx=0%
2026-05-05 11:12:17,831   seed 2: frz=0.0000 strat=0.0000 full=0.0003 MSE 33.1/25.5/4.3 pfx=0%
2026-05-05 11:13:07,559   seed 3: frz=0.0001 strat=0.0001 full=0.0006 MSE 34.0/26.9/3.7 pfx=100%
2026-05-05 11:13:52,441   seed 4: frz=0.0002 strat=0.0002 full=0.0001 MSE 33.6/25.0/4.6 pfx=0%
2026-05-05 11:13:52,443   K=16 avg: frz=0.0001 strat=0.0001 full=0.0003  recovery=6%
2026-05-05 11:13:52,443 
--- Amazon K=32, capacity=1048576, ratio=21.0x ---
2026-05-05 11:15:00,910   seed 0: frz=0.0024 strat=0.0006 full=0.0043 MSE 28.7/7.4/0.1 pfx=0%
2026-05-05 11:16:07,406   seed 1: frz=0.0018 strat=0.0015 full=0.0034 MSE 28.9/6.7/0.1 pfx=100%
2026-05-05 11:17:16,045   seed 2: frz=0.0023 strat=0.0015 full=0.0034 MSE 29.2/10.7/0.1 pfx=100%
2026-05-05 11:18:22,587   seed 3: frz=0.0024 strat=0.0014 full=0.0044 MSE 29.2/7.4/0.1 pfx=100%
2026-05-05 11:19:24,467   seed 4: frz=0.0021 strat=0.0009 full=0.0048 MSE 28.8/9.6/0.1 pfx=0%
2026-05-05 11:19:24,469   K=32 avg: frz=0.0022 strat=0.0012 full=0.0041  recovery=-53%
2026-05-05 11:19:24,469 
--- Amazon K=64, capacity=16777216, ratio=335.5x ---
2026-05-05 11:21:35,107   seed 0: frz=0.0083 strat=0.0085 full=0.0192 MSE 28.6/4.8/0.1 pfx=100%
2026-05-05 11:23:39,782   seed 1: frz=0.0059 strat=0.0080 full=0.0238 MSE 28.7/4.4/0.1 pfx=100%
2026-05-05 11:25:49,211   seed 2: frz=0.0067 strat=0.0090 full=0.0221 MSE 28.6/9.0/0.1 pfx=100%
2026-05-05 11:27:52,383   seed 3: frz=0.0073 strat=0.0079 full=0.0228 MSE 28.4/5.9/0.1 pfx=100%
2026-05-05 11:29:56,753   seed 4: frz=0.0076 strat=0.0086 full=0.0192 MSE 28.6/5.5/0.1 pfx=100%
2026-05-05 11:29:56,753   K=64 avg: frz=0.0072 strat=0.0084 full=0.0214  recovery=9%
2026-05-05 11:29:56,783 
Saved to results/theory/downstream_capacity_sweep.json
2026-05-05 11:29:56,783 
================================================================================
2026-05-05 11:29:56,783 FINAL SUMMARY
2026-05-05 11:29:56,784 ================================================================================
2026-05-05 11:29:56,784 Dataset         K      Cap   Ratio   Frozen    Strat     Full   Recov
2026-05-05 11:29:56,784 ---------------------------------------------------------------------------
2026-05-05 11:29:56,784 MovieLens       8     4096    1.1x   0.1007   0.1078   0.1088     87%
2026-05-05 11:29:56,784 MovieLens      16    65536   17.7x   0.1420   0.1478   0.1487     87%
2026-05-05 11:29:56,784 MovieLens      32  1048576  282.9x   0.1846   0.1960   0.2019     66%
2026-05-05 11:29:56,784 MovieLens      64 16777216 4527.0x   0.2283   0.2506   0.2598     71%
2026-05-05 11:29:56,784 Amazon          8     4096    0.1x   0.0002   0.0001   0.0002      0%
2026-05-05 11:29:56,784 Amazon         16    65536    1.3x   0.0001   0.0001   0.0003      6%
2026-05-05 11:29:56,784 Amazon         32  1048576   21.0x   0.0022   0.0012   0.0041    -53%
2026-05-05 11:29:56,784 Amazon         64 16777216  335.5x   0.0072   0.0084   0.0214      9%
