2026-05-05 10:40:44,262 Loading Amazon Electronics...
2026-05-05 10:41:22,246   6739590 total reviews
2026-05-05 10:41:25,461   665161 users, 50000 items, Old: 1049906, New: 1051501
2026-05-05 10:41:28,757   SVD (d=64)...
2026-05-05 10:41:36,371   Procrustes residual: 0.99
2026-05-05 10:41:36,371 Seed 0...
2026-05-05 10:43:00,720   Computing ANN recall...
2026-05-05 10:43:31,229   frz=0.0077(MSE 26.0)  strat=0.0095(MSE 5.9)  full=0.0209(MSE 0.1)  pfx_chg=100%
2026-05-05 10:43:31,229 Seed 1...
2026-05-05 10:44:42,051   Computing ANN recall...
2026-05-05 10:45:13,260   frz=0.0095(MSE 26.1)  strat=0.0103(MSE 5.5)  full=0.0287(MSE 0.1)  pfx_chg=100%
2026-05-05 10:45:13,261 Seed 2...
2026-05-05 10:46:26,255   Computing ANN recall...
2026-05-05 10:46:58,028   frz=0.0073(MSE 25.6)  strat=0.0097(MSE 5.2)  full=0.0174(MSE 0.1)  pfx_chg=95%
2026-05-05 10:46:58,028 Seed 3...
2026-05-05 10:48:08,809   Computing ANN recall...
2026-05-05 10:48:41,441   frz=0.0066(MSE 26.1)  strat=0.0107(MSE 6.6)  full=0.0298(MSE 0.1)  pfx_chg=100%
2026-05-05 10:48:41,442 Seed 4...
2026-05-05 10:49:54,349   Computing ANN recall...
2026-05-05 10:50:26,885   frz=0.0075(MSE 25.7)  strat=0.0101(MSE 5.6)  full=0.0277(MSE 0.1)  pfx_chg=100%
2026-05-05 10:50:26,886 
Amazon ANN Avg: frozen=0.0077+-0.0010  strat=0.0100+-0.0005  full=0.0249+-0.0049
2026-05-05 10:50:26,886 Stratified recovers 14% of frozen-to-full gap
