2026-05-05 07:43:00,835 Starting Amazon downstream experiment
2026-05-05 07:43:00,835 Loading Amazon Electronics...
2026-05-05 07:43:40,972   6739590 total reviews
2026-05-05 07:43:44,282   668617 users, 50000 items
2026-05-05 07:43:44,282   Old: 1073290, New: 1075115
2026-05-05 07:43:47,257   SVD embeddings (d=64)...
2026-05-05 07:43:53,854   Procrustes alignment applied (residual: 1.14)
2026-05-05 07:43:55,354 === Seed 0 ===
2026-05-05 07:44:32,835   Training recommender...
2026-05-05 07:45:17,834     epoch 5: loss=0.4093
2026-05-05 07:46:04,004     epoch 10: loss=0.3663
2026-05-05 07:46:49,571     epoch 15: loss=0.3381
2026-05-05 07:48:17,531     epoch 5: loss=0.4219
2026-05-05 07:48:58,836     epoch 10: loss=0.3778
2026-05-05 07:49:39,008     epoch 15: loss=0.3471
2026-05-05 07:49:57,011   Frozen:     R@10=0.0161  MSE=31.3
2026-05-05 07:49:57,011   Full-noDS:  R@10=0.0169  MSE=0.1
2026-05-05 07:49:57,011   Full+DS:    R@10=0.0509  MSE=0.1
2026-05-05 07:49:57,011   Stratified: R@10=0.0161  MSE=5.1
2026-05-05 07:49:57,011 === Seed 1 ===
2026-05-05 07:50:27,732   Training recommender...
2026-05-05 07:51:07,071     epoch 5: loss=0.4078
2026-05-05 07:51:46,244     epoch 10: loss=0.3703
2026-05-05 07:52:25,754     epoch 15: loss=0.3459
2026-05-05 07:53:48,402     epoch 5: loss=0.4173
2026-05-05 07:54:28,728     epoch 10: loss=0.3728
2026-05-05 07:55:09,158     epoch 15: loss=0.3435
2026-05-05 07:55:27,998   Frozen:     R@10=0.0168  MSE=31.5
2026-05-05 07:55:27,998   Full-noDS:  R@10=0.0170  MSE=0.1
2026-05-05 07:55:27,998   Full+DS:    R@10=0.0478  MSE=0.1
2026-05-05 07:55:27,998   Stratified: R@10=0.0170  MSE=7.7
2026-05-05 07:55:27,998 === Seed 2 ===
2026-05-05 07:55:59,417   Training recommender...
2026-05-05 07:56:41,241     epoch 5: loss=0.4032
2026-05-05 07:57:24,801     epoch 10: loss=0.3576
2026-05-05 08:03:42,840     epoch 15: loss=0.3360
2026-05-05 08:05:11,925     epoch 5: loss=0.4198
2026-05-05 08:05:50,194     epoch 10: loss=0.3723
2026-05-05 08:06:29,573     epoch 15: loss=0.3469
2026-05-05 08:06:48,424   Frozen:     R@10=0.0179  MSE=31.3
2026-05-05 08:06:48,425   Full-noDS:  R@10=0.0169  MSE=0.1
2026-05-05 08:06:48,425   Full+DS:    R@10=0.0534  MSE=0.1
2026-05-05 08:06:48,425   Stratified: R@10=0.0176  MSE=7.3
2026-05-05 08:06:48,425 === Seed 3 ===
2026-05-05 08:07:24,107   Training recommender...
2026-05-05 08:08:05,744     epoch 5: loss=0.4037
2026-05-05 08:08:49,407     epoch 10: loss=0.3586
2026-05-05 08:09:34,676     epoch 15: loss=0.3337
2026-05-05 08:11:22,697     epoch 5: loss=0.4150
2026-05-05 08:12:06,306     epoch 10: loss=0.3688
2026-05-05 08:12:51,965     epoch 15: loss=0.3371
2026-05-05 08:13:12,250   Frozen:     R@10=0.0175  MSE=31.6
2026-05-05 08:13:12,253   Full-noDS:  R@10=0.0169  MSE=0.1
2026-05-05 08:13:12,254   Full+DS:    R@10=0.0493  MSE=0.1
2026-05-05 08:13:12,255   Stratified: R@10=0.0151  MSE=4.7
2026-05-05 08:13:12,259 === Seed 4 ===
2026-05-05 08:13:54,203   Training recommender...
2026-05-05 08:14:40,030     epoch 5: loss=0.3976
2026-05-05 08:15:24,062     epoch 10: loss=0.3498
2026-05-05 08:16:07,877     epoch 15: loss=0.3233
2026-05-05 08:17:37,639     epoch 5: loss=0.4159
2026-05-05 08:18:20,339     epoch 10: loss=0.3715
2026-05-05 08:19:04,053     epoch 15: loss=0.3395
2026-05-05 08:19:23,713   Frozen:     R@10=0.0194  MSE=31.4
2026-05-05 08:19:23,714   Full-noDS:  R@10=0.0174  MSE=0.1
2026-05-05 08:19:23,714   Full+DS:    R@10=0.0480  MSE=0.1
2026-05-05 08:19:23,714   Stratified: R@10=0.0170  MSE=3.9
2026-05-05 08:19:23,715 === Seed 5 ===
2026-05-05 08:20:06,073   Training recommender...
2026-05-05 08:20:52,361     epoch 5: loss=0.4026
2026-05-05 08:21:39,646     epoch 10: loss=0.3557
2026-05-05 08:22:28,814     epoch 15: loss=0.3295
2026-05-05 08:24:11,702     epoch 5: loss=0.4142
2026-05-05 08:39:54,182     epoch 10: loss=0.3695
2026-05-05 08:40:45,424     epoch 15: loss=0.3403
2026-05-05 08:41:14,472   Frozen:     R@10=0.0166  MSE=31.5
2026-05-05 08:41:14,473   Full-noDS:  R@10=0.0153  MSE=0.1
2026-05-05 08:41:14,473   Full+DS:    R@10=0.0488  MSE=0.1
2026-05-05 08:41:14,473   Stratified: R@10=0.0160  MSE=8.6
2026-05-05 08:41:14,473 === Seed 6 ===
2026-05-05 08:42:26,234   Training recommender...
2026-05-05 08:46:36,010     epoch 5: loss=0.4006
2026-05-05 08:51:38,992     epoch 10: loss=0.3511
2026-05-05 08:55:54,136     epoch 15: loss=0.3292
2026-05-05 08:59:11,086     epoch 5: loss=0.4190
2026-05-05 09:14:59,207     epoch 10: loss=0.3760
2026-05-05 09:15:48,796     epoch 15: loss=0.3448
2026-05-05 09:16:19,086   Frozen:     R@10=0.0180  MSE=31.7
2026-05-05 09:16:19,088   Full-noDS:  R@10=0.0179  MSE=0.1
2026-05-05 09:16:19,088   Full+DS:    R@10=0.0491  MSE=0.1
2026-05-05 09:16:19,088   Stratified: R@10=0.0173  MSE=5.2
2026-05-05 09:16:19,088 === Seed 7 ===
2026-05-05 09:32:10,137   Training recommender...
2026-05-05 09:32:51,398     epoch 5: loss=0.3997
2026-05-05 09:48:47,465     epoch 10: loss=0.3609
2026-05-05 09:49:28,047     epoch 15: loss=0.3394
2026-05-05 10:18:35,100     epoch 5: loss=0.4179
2026-05-05 10:24:36,521     epoch 10: loss=0.3693
2026-05-05 10:25:27,984     epoch 15: loss=0.3464
2026-05-05 10:25:47,146   Frozen:     R@10=0.0181  MSE=31.5
2026-05-05 10:25:47,146   Full-noDS:  R@10=0.0165  MSE=0.1
2026-05-05 10:25:47,146   Full+DS:    R@10=0.0496  MSE=0.1
2026-05-05 10:25:47,146   Stratified: R@10=0.0163  MSE=6.7
2026-05-05 10:25:47,146 === Seed 8 ===
2026-05-05 10:26:19,264   Training recommender...
2026-05-05 10:27:03,997     epoch 5: loss=0.4008
2026-05-05 10:27:46,267     epoch 10: loss=0.3585
2026-05-05 10:28:36,830     epoch 15: loss=0.3364
2026-05-05 10:30:11,193     epoch 5: loss=0.4210
2026-05-05 10:31:00,773     epoch 10: loss=0.3756
2026-05-05 10:31:48,762     epoch 15: loss=0.3467
2026-05-05 10:32:15,351   Frozen:     R@10=0.0172  MSE=31.6
2026-05-05 10:32:15,352   Full-noDS:  R@10=0.0171  MSE=0.1
2026-05-05 10:32:15,352   Full+DS:    R@10=0.0502  MSE=0.1
2026-05-05 10:32:15,352   Stratified: R@10=0.0162  MSE=6.6
2026-05-05 10:32:15,352 === Seed 9 ===
2026-05-05 10:33:34,567   Training recommender...
2026-05-05 10:34:17,910     epoch 5: loss=0.4049
2026-05-05 10:35:01,631     epoch 10: loss=0.3605
2026-05-05 10:35:50,725     epoch 15: loss=0.3374
2026-05-05 10:37:29,369     epoch 5: loss=0.4222
2026-05-05 10:38:06,308     epoch 10: loss=0.3771
2026-05-05 10:38:42,339     epoch 15: loss=0.3461
2026-05-05 10:39:01,135   Frozen:     R@10=0.0171  MSE=31.6
2026-05-05 10:39:01,135   Full-noDS:  R@10=0.0178  MSE=0.1
2026-05-05 10:39:01,135   Full+DS:    R@10=0.0478  MSE=0.1
2026-05-05 10:39:01,135   Stratified: R@10=0.0176  MSE=6.7
2026-05-05 10:39:01,136 
================================================================================
2026-05-05 10:39:01,136   Amazon Electronics (10 seeds)
2026-05-05 10:39:01,136 ================================================================================
2026-05-05 10:39:01,136 Method                               Pfx chg  DS retr         R@10       RQ MSE
2026-05-05 10:39:01,136 --------------------------------------------------------------------------------
2026-05-05 10:39:01,136 Frozen                                    0%       no 0.0175±0.0009     31.5
2026-05-05 10:39:01,136 Full retrain, no DS retrain             85%       no 0.0170±0.0007      0.1
2026-05-05 10:39:01,136 Full retrain + DS retrain               85%      yes 0.0495±0.0016      0.1
2026-05-05 10:39:01,136 Stratified plasticity                     0%       no 0.0166±0.0008      6.3
2026-05-05 10:39:01,151 Saved to results/theory/downstream_amazon_v2.json
