2026-05-05 08:22:06,832 Loading MovieLens-1M...
2026-05-05 08:22:07,685   6040 users, 3706 items, Old: 500100, New: 500109
2026-05-05 08:22:08,535   Procrustes residual: 2.9443
2026-05-05 08:22:08,745 
============================================================
2026-05-05 08:22:08,745 SEED 0
2026-05-05 08:22:08,745 ============================================================
2026-05-05 08:22:16,001   Prefix change: 100.0%
2026-05-05 08:22:16,001   MSE: frozen=187.1 warm=149.2 full=116.3
2026-05-05 08:22:16,001 
  --- prefix_aware_ranker ---
2026-05-05 08:23:08,699   Frozen:     0.0311
2026-05-05 08:23:08,699   Full-noDS:  0.0337
2026-05-05 08:23:08,699   Full+DS:    0.0597
2026-05-05 08:23:08,699   Stratified: 0.0326
2026-05-05 08:23:08,699 
  --- raw_ranker ---
2026-05-05 08:23:29,694   raw_ub          0.0359
2026-05-05 08:23:30,013   frozen          0.0328
2026-05-05 08:23:30,161   full            0.0358
2026-05-05 08:23:30,317   stratified      0.0344
2026-05-05 08:23:30,318 
  --- decoded_ranker ---
2026-05-05 08:24:02,902   frozen          0.0325
2026-05-05 08:24:03,056   full_no_ds      0.0349
2026-05-05 08:24:03,198   stratified      0.0346
2026-05-05 08:24:35,694   full_ds         0.0349
2026-05-05 08:24:35,695 
============================================================
2026-05-05 08:24:35,695 SEED 1
2026-05-05 08:24:35,695 ============================================================
2026-05-05 08:39:35,370   Prefix change: 100.0%
2026-05-05 08:39:35,373   MSE: frozen=185.4 warm=147.8 full=118.3
2026-05-05 08:39:35,373 
  --- prefix_aware_ranker ---
2026-05-05 08:41:02,216   Frozen:     0.0311
2026-05-05 08:41:02,216   Full-noDS:  0.0330
2026-05-05 08:41:02,216   Full+DS:    0.0601
2026-05-05 08:41:02,216   Stratified: 0.0325
2026-05-05 08:41:02,216 
  --- raw_ranker ---
2026-05-05 08:41:25,576   raw_ub          0.0367
2026-05-05 08:41:25,885   frozen          0.0342
2026-05-05 08:41:26,153   full            0.0358
2026-05-05 08:41:26,435   stratified      0.0364
2026-05-05 08:41:26,435 
  --- decoded_ranker ---
2026-05-05 08:41:53,551   frozen          0.0327
2026-05-05 08:41:54,013   full_no_ds      0.0353
2026-05-05 08:41:54,314   stratified      0.0344
2026-05-05 08:42:24,633   full_ds         0.0353
2026-05-05 08:42:24,633 
============================================================
2026-05-05 08:42:24,633 SEED 2
2026-05-05 08:42:24,633 ============================================================
2026-05-05 08:42:40,691   Prefix change: 99.8%
2026-05-05 08:42:40,691   MSE: frozen=183.9 warm=146.5 full=119.7
2026-05-05 08:42:40,691 
  --- prefix_aware_ranker ---
2026-05-05 08:48:04,870   Frozen:     0.0313
2026-05-05 08:48:04,872   Full-noDS:  0.0358
2026-05-05 08:48:04,872   Full+DS:    0.0625
2026-05-05 08:48:04,872   Stratified: 0.0334
2026-05-05 08:48:04,872 
  --- raw_ranker ---
2026-05-05 08:49:52,391   raw_ub          0.0361
2026-05-05 08:49:53,155   frozen          0.0332
2026-05-05 08:49:53,684   full            0.0364
2026-05-05 08:49:54,387   stratified      0.0355
2026-05-05 08:49:54,387 
  --- decoded_ranker ---
2026-05-05 08:51:43,853   frozen          0.0315
2026-05-05 08:51:44,445   full_no_ds      0.0356
2026-05-05 08:51:44,868   stratified      0.0341
2026-05-05 08:53:39,703   full_ds         0.0356
2026-05-05 08:53:39,707 
============================================================
2026-05-05 08:53:39,707 SEED 3
2026-05-05 08:53:39,707 ============================================================
2026-05-05 08:53:59,717   Prefix change: 99.9%
2026-05-05 08:53:59,718   MSE: frozen=184.0 warm=144.9 full=118.4
2026-05-05 08:53:59,718 
  --- prefix_aware_ranker ---
2026-05-05 08:57:17,381   Frozen:     0.0286
2026-05-05 08:57:17,386   Full-noDS:  0.0355
2026-05-05 08:57:17,386   Full+DS:    0.0602
2026-05-05 08:57:17,386   Stratified: 0.0325
2026-05-05 08:57:17,386 
  --- raw_ranker ---
2026-05-05 08:58:13,154   raw_ub          0.0356
2026-05-05 08:58:13,324   frozen          0.0313
2026-05-05 08:58:13,470   full            0.0354
2026-05-05 08:58:13,618   stratified      0.0349
2026-05-05 08:58:13,618 
  --- decoded_ranker ---
2026-05-05 08:58:38,565   frozen          0.0302
2026-05-05 08:58:38,739   full_no_ds      0.0356
2026-05-05 08:58:38,890   stratified      0.0343
2026-05-05 08:59:12,945   full_ds         0.0356
2026-05-05 08:59:12,947 
============================================================
2026-05-05 08:59:12,947 SEED 4
2026-05-05 08:59:12,947 ============================================================
2026-05-05 08:59:20,440   Prefix change: 100.0%
2026-05-05 08:59:20,440   MSE: frozen=185.1 warm=146.2 full=116.8
2026-05-05 08:59:20,440 
  --- prefix_aware_ranker ---
2026-05-05 09:15:50,429   Frozen:     0.0340
2026-05-05 09:15:50,429   Full-noDS:  0.0353
2026-05-05 09:15:50,429   Full+DS:    0.0620
2026-05-05 09:15:50,429   Stratified: 0.0353
2026-05-05 09:15:50,429 
  --- raw_ranker ---
2026-05-05 09:16:10,045   raw_ub          0.0364
2026-05-05 09:16:10,277   frozen          0.0334
2026-05-05 09:16:10,569   full            0.0370
2026-05-05 09:16:10,781   stratified      0.0355
2026-05-05 09:16:10,781 
  --- decoded_ranker ---
2026-05-05 09:31:41,085   frozen          0.0336
2026-05-05 09:31:41,232   full_no_ds      0.0361
2026-05-05 09:31:41,370   stratified      0.0349
2026-05-05 09:31:58,290   full_ds         0.0361
2026-05-05 09:31:58,290 
================================================================================
2026-05-05 09:31:58,291 SUMMARY (5 seeds)
2026-05-05 09:31:58,291 ================================================================================
2026-05-05 09:31:58,291 
  Prefix-aware:
2026-05-05 09:31:58,291     pa_frozen                 0.0312 +/- 0.0017
2026-05-05 09:31:58,291     pa_full_no_ds             0.0347 +/- 0.0011
2026-05-05 09:31:58,292     pa_full_ds                0.0609 +/- 0.0011
2026-05-05 09:31:58,292     pa_stratified             0.0333 +/- 0.0011
2026-05-05 09:31:58,292 
  Raw-trained:
2026-05-05 09:31:58,292     raw_raw_ub                0.0361 +/- 0.0004
2026-05-05 09:31:58,292     raw_frozen                0.0330 +/- 0.0010
2026-05-05 09:31:58,292     raw_full                  0.0361 +/- 0.0005
2026-05-05 09:31:58,293     raw_stratified            0.0353 +/- 0.0007
2026-05-05 09:31:58,293 
  Decoded-trained:
2026-05-05 09:31:58,293     dec_frozen                0.0321 +/- 0.0011
2026-05-05 09:31:58,293     dec_full_no_ds            0.0355 +/- 0.0004
2026-05-05 09:31:58,293     dec_full_ds               0.0355 +/- 0.0004
2026-05-05 09:31:58,293     dec_stratified            0.0344 +/- 0.0003
2026-05-05 09:31:58,304 Saved to results/theory/downstream_variants.json
